<?xml version="1.0" encoding="UTF-8"?>
<!-- Generated by org.testng.reporters.JUnitReportReporter -->
<testsuite hostname="User-PC" name="com.second.pack.SecondScript" tests="3" failures="0" timestamp="4 May 2017 18:33:53 GMT" time="0.007" errors="0">
  <testcase name="secondScript2" time="0.002" classname="com.second.pack.SecondScript"/>
  <testcase name="secondScript3" time="0.002" classname="com.second.pack.SecondScript"/>
  <testcase name="secondScript1" time="0.003" classname="com.second.pack.SecondScript"/>
</testsuite> <!-- com.second.pack.SecondScript -->
