<?xml version="1.0" encoding="UTF-8"?>
<!-- Generated by org.testng.reporters.JUnitReportReporter -->
<testsuite hostname="User-PC" name="com.third.pack.Third_class" tests="2" failures="0" timestamp="4 May 2017 21:43:32 GMT" time="0.003" errors="0">
  <testcase name="ThirdClass3" time="0.002" classname="com.third.pack.Third_class"/>
  <testcase name="ThirdClass1" time="0.001" classname="com.third.pack.Third_class"/>
</testsuite> <!-- com.third.pack.Third_class -->
