<?xml version="1.0" encoding="UTF-8"?>
<!-- Generated by org.testng.reporters.JUnitReportReporter -->
<testsuite hostname="User-PC" name="com.first.pack.Script_RunningClass" tests="6" failures="0" timestamp="13 May 2017 19:12:44 GMT" time="0.037" errors="0">
  <testcase name="firstTest" time="0.003" classname="com.first.pack.Script_RunningClass"/>
  <testcase name="threeTest" time="0.002" classname="com.first.pack.Script_RunningClass"/>
  <testcase name="secondTest" time="0.019" classname="com.first.pack.Script_RunningClass"/>
  <testcase name="nineTest" time="0.003" classname="com.first.pack.Script_RunningClass"/>
  <testcase name="sevenTest" time="0.002" classname="com.first.pack.Script_RunningClass"/>
  <testcase name="fifth" time="0.008" classname="com.first.pack.Script_RunningClass"/>
</testsuite> <!-- com.first.pack.Script_RunningClass -->
