<?xml version="1.0" encoding="UTF-8"?>
<!-- Generated by org.testng.reporters.JUnitReportReporter -->
<testsuite hostname="User-PC" name="com.second.pack.Second_Class" tests="2" failures="0" timestamp="4 May 2017 21:43:32 GMT" time="0.017" errors="0">
  <testcase name="secondClass1" time="0.007" classname="com.second.pack.Second_Class"/>
  <testcase name="secondClass2" time="0.010" classname="com.second.pack.Second_Class"/>
</testsuite> <!-- com.second.pack.Second_Class -->
