<?xml version="1.0" encoding="UTF-8"?>
<!-- Generated by org.testng.reporters.JUnitReportReporter -->
<testsuite hostname="User-PC" name="com.third.pack.ThirsScript" tests="1" failures="0" timestamp="4 May 2017 18:33:53 GMT" time="0.002" errors="0">
  <testcase name="practiceFour" time="0.002" classname="com.third.pack.ThirsScript"/>
</testsuite> <!-- com.third.pack.ThirsScript -->
